============================================================
  Generated by:           Genus(TM) Synthesis Solution 21.10-p002_1
  Generated on:           May 27 2026  11:15:45 pm
  Module:                 fft_8_sol4_gen1_top
  Technology library:     fast_vdd1v0 1.0
  Operating conditions:   PVT_1P1V_0C (balanced_tree)
  Wireload mode:          enclosed
  Area mode:              timing library
============================================================

                 Pin                         Type      Fanout Load Slew Delay Arrival   
                                                              (fF) (ps)  (ps)   (ps)    
----------------------------------------------------------------------------------------
(clock sys_clk)                             launch                                  0 R 
core_twiddle_rom_twiddle_out_reg[5]/CK                                0    +0       0 R 
core_twiddle_rom_twiddle_out_reg[5]/Q       DFFHQX1         5  2.1   16   +55      55 F 
g41707__6260/A                                                             +0      55   
g41707__6260/Y                              OR3X1           9  3.1   26   +58     113 F 
g41615__3680/A                                                             +0     113   
g41615__3680/Y                              NAND2XL         1  0.6   15   +18     131 R 
g41542__5526/B                                                             +0     131   
g41542__5526/Y                              XNOR2X1         2  1.1   11   +28     159 R 
g41380__1705/B                                                             +0     159   
g41380__1705/Y                              NAND2BX1        2  0.6   15   +15     174 F 
g41352__5115/A1                                                            +0     174   
g41352__5115/Y                              OAI21X1         4  2.0   38   +29     203 R 
g41325__6260/B                                                             +0     203   
g41325__6260/Y                              NAND2X1         2  0.9   22   +25     228 F 
g41293__5526/B                                                             +0     228   
g41293__5526/Y                              NOR2BX1         2  0.9   20   +20     248 R 
g41262__3680/AN                                                            +0     248   
g41262__3680/Y                              NOR2BX1         2  0.6   14   +25     273 R 
g41229__5115/B                                                             +0     273   
g41229__5115/Y                              OR2X1           2  0.8    8   +19     292 R 
g41225__7098/D                                                             +0     292   
g41225__7098/Y                              AND4XL          1  0.3    8   +42     334 R 
g41217__1617/A1                                                            +0     334   
g41217__1617/Y                              AOI22XL         1  0.4   28   +22     356 F 
g41216__3680/B                                                             +0     356   
g41216__3680/Y                              NOR2X1          6  3.0   47   +37     393 R 
g41212/A                                                                   +0     393   
g41212/Y                                    INVX1           2  0.8   15   +21     414 F 
g41936__2346/B                                                             +0     414   
g41936__2346/Y                              NAND2BX1        4  1.9   18   +16     430 R 
g41192__7482/AN                                                            +0     430   
g41192__7482/Y                              NAND2BX1        2  0.8   13   +20     450 R 
g41173__4319/B                                                             +0     450   
g41173__4319/Y                              OR2XL           1  0.5    9   +16     466 R 
g41170__5107/B1                                                            +0     466   
g41170__5107/Y                              AOI221X1        2  0.6   34   +19     486 F 
g41167__6417/B                                                             +0     486   
g41167__6417/Y                              OR2XL           1  0.4    7   +26     512 F 
g41163__2883/A1                                                            +0     512   
g41163__2883/Y                              AOI21X1         1  0.3   14   +14     527 R 
g41162__9945/A                                                             +0     527   
g41162__9945/Y                              AND2X1         14  6.6   48   +49     575 R 
g41161/A                                                                   +0     575   
g41161/Y                                    INVX1          13  5.0   42   +37     612 F 
g41157__4733/B1                                                            +0     612   
g41157__4733/Y                              AOI22X1         3  1.3   35   +33     645 R 
g41140__6260/C0                                                            +0     645   
g41140__6260/Y                              OAI221X1        2  0.8   43   +42     688 F 
g41131__2883/B0                                                            +0     688   
g41131__2883/Y                              AOI22XL         1  0.5   31   +33     721 R 
g41121__1881/A1                                                            +0     721   
g41121__1881/Y                              OAI21X1         4  1.6   32   +30     751 F 
g41117__5122/C0                                                            +0     751   
g41117__5122/Y                              AOI221X1        3  1.1   46   +39     790 R 
g41104__5477/A                                                             +0     790   
g41104__5477/Y                              MX2XL           2  0.8   12   +39     829 R 
g41090__7098/A1                                                            +0     829   
g41090__7098/Y                              OAI221X1        5  2.0   61   +50     878 F 
g41088/A                                                                   +0     878   
g41088/Y                                    INVXL           2  0.6   18   +27     906 R 
g41083__3680/B                                                             +0     906   
g41083__3680/Y                              NOR2XL          1  1.0   18   +16     921 F 
g41077__6260/B                                                             +0     921   
g41077__6260/CO                             ADDFX1          1  0.7   12   +46     967 F 
g41073__2398/CI                                                            +0     967   
g41073__2398/CO                             ADDFX1          1  0.7   12   +43    1010 F 
g41071__6417/CI                                                            +0    1010   
g41071__6417/CO                             ADDFX1          2  0.7   12   +43    1054 F 
g41070__7410/B                                                             +0    1054   
g41070__7410/Y                              NOR2X1          2  0.8   18   +16    1070 R 
g41064__9315/B                                                             +0    1070   
g41064__9315/Y                              NOR2X1          9  2.9   28   +20    1090 F 
g41063/A                                                                   +0    1090   
g41063/Y                                    INVXL           1  0.3    9   +14    1105 R 
g41062__6161/C                                                             +0    1105   
g41062__6161/Y                              NAND3BXL        5  1.5   56   +37    1142 F 
g41054__7098/B                                                             +0    1142   
g41054__7098/Y                              NOR2XL          1  0.5   22   +31    1173 R 
g41037__6260/C0                                                            +0    1173   
g41037__6260/Y                              AOI221X1        2  0.8   39   +15    1188 F 
g41025__6161/B                                                             +0    1188   
g41025__6161/Y                              NOR2X1          3  1.5   30   +29    1217 R 
g41016__1705/A                                                             +0    1217   
g41016__1705/Y                              NAND2X1         3  1.1   25   +25    1242 F 
g41003__7410/B                                                             +0    1242   
g41003__7410/Y                              NOR2X1          3  1.2   24   +23    1265 R 
g40995__4733/A1N                                                           +0    1265   
g40995__4733/Y                              AOI2BB1X1       1  0.7   18   +24    1289 R 
g40990__7098/CI                                                            +0    1289   
g40990__7098/CO                             ADDFX1          2  0.9   12   +41    1330 R 
g40985__1617/A1N                                                           +0    1330   
g40985__1617/Y                              OAI2BB1X1       1  0.6   12   +27    1357 R 
g40976__5477/B                                                             +0    1357   
g40976__5477/Y                              XNOR2X1         2  0.8   10   +32    1389 F 
g40973__1666/B0                                                            +0    1389   
g40973__1666/Y                              OAI21X1         3  1.5   31   +13    1402 R 
g40968__6161/A2                                                            +0    1402   
g40968__6161/Y                              AOI31X1         4  1.6   49   +44    1446 F 
g40964__5115/B                                                             +0    1446   
g40964__5115/Y                              NOR2X1          6  2.4   42   +39    1485 R 
g40961__7098/B0                                                            +0    1485   
g40961__7098/Y                              AOI21X1         2  0.5   21   +19    1504 F 
g40957__2802/C                                                             +0    1504   
g40957__2802/Y                              NOR3BXL         2  0.6   33   +27    1531 R 
g40956/A                                                                   +0    1531   
g40956/Y                                    INVXL           1  0.4   11   +17    1548 F 
g40955__1617/C0                                                            +0    1548   
g40955__1617/Y                              OAI211X1        8  3.6   67   +22    1570 R 
g40953/A                                                                   +0    1570   
g40953/Y                                    INVX1           2  0.8   19   +28    1597 F 
g40944__2398/A1                                                            +0    1597   
g40944__2398/Y                              AOI22X1         2  0.6   28   +25    1622 R 
g40928__7098/A0                                                            +0    1622   
g40928__7098/Y                              OA21X1          2  1.0   11   +38    1660 R 
g40921__1617/B                                                             +0    1660   
g40921__1617/Y                              NOR2X1          4  1.3   14   +12    1673 F 
g40916__5526/A2                                                            +0    1673   
g40916__5526/Y                              OAI31X1         2  1.0   39   +30    1703 R 
g40915/A                                                                   +0    1703   
g40915/Y                                    INVX1           2  0.8   13   +19    1722 F 
g40912__6260/B                                                             +0    1722   
g40912__6260/Y                              NOR2X1          3  1.1   23   +18    1740 R 
g40905/A                                                                   +0    1740   
g40905/Y                                    INVXL           1  0.4    9   +14    1754 F 
g40902__2883/A1                                                            +0    1754   
g40902__2883/Y                              OAI22X1         2  1.0   36   +23    1777 R 
g41932__6161/B                                                             +0    1777   
g41932__6161/Y                              NAND2BX1        5  1.7   31   +30    1807 F 
g40879__5526/B1                                                            +0    1807   
g40879__5526/Y                              OAI22X1         1  0.5   30   +22    1829 R 
g40871__7410/B0                                                            +0    1829   
g40871__7410/Y                              AOI31X1         2  0.7   32   +16    1845 F 
g40862__5115/AN                                                            +0    1845   
g40862__5115/Y                              NOR2BX1         2  0.7   12   +23    1868 F 
g40851__3680/A2                                                            +0    1868   
g40851__3680/Y                              OAI32X1         1  0.3   44   +27    1895 R 
core_Y_reg_reg[7]/D                    <<<  DFFRX1                         +0    1895   
core_Y_reg_reg[7]/CK                        setup                     0   +26    1921 R 
- - - - - - - - - - - - - - - - - - - - - - - - - - - - - - - - - - - - - - - - - - - - 
(clock sys_clk)                             capture                              3000 R 
----------------------------------------------------------------------------------------
Cost Group   : 'sys_clk' (path_group 'sys_clk')
Timing slack :    1079ps 
Start-point  : core_twiddle_rom_twiddle_out_reg[5]/CK
End-point    : core_Y_reg_reg[7]/D

