============================================================
  Generated by:           Genus(TM) Synthesis Solution 21.10-p002_1
  Generated on:           May 27 2026  11:14:29 pm
  Module:                 fft_8_sol0_gen1_top
  Technology library:     fast_vdd1v0 1.0
  Operating conditions:   PVT_1P1V_0C (balanced_tree)
  Wireload mode:          enclosed
  Area mode:              timing library
============================================================

     Pin                Type       Fanout Load Slew Delay Arrival   
                                          (fF) (ps)  (ps)   (ps)    
--------------------------------------------------------------------
(clock sys_clk)      launch                                     0 R 
(in_del_2_1)         ext delay                       +750     750 F 
load_en              in port           17  5.4    0    +0     750 F 
g25905__3680/B                                         +0     750   
g25905__3680/Y       NOR2X1            19  7.3  100   +58     808 R 
g25882__1881/A1                                        +0     808   
g25882__1881/Y       AOI22XL            1  0.4   38   +54     862 F 
g25862__5107/B0                                        +0     862   
g25862__5107/Y       OAI2BB1X1          1  0.0   11   +17     880 R 
mem_wr_addr[1]  <<<  interconnect                11    +0     880 R 
                     out port                          +0     880 R 
(ou_del_80_1)        ext delay                       +750    1630 R 
- - - - - - - - - - - - - - - - - - - - - - - - - - - - - - - - - - 
(clock sys_clk)      capture                                 3000 R 
--------------------------------------------------------------------
Cost Group   : 'sys_clk' (path_group 'sys_clk')
Timing slack :    1370ps 
Start-point  : load_en
End-point    : mem_wr_addr[1]

