============================================================
  Generated by:           Genus(TM) Synthesis Solution 21.10-p002_1
  Generated on:           May 27 2026  11:15:09 pm
  Module:                 fft_8_sol1_gen1_top
  Technology library:     fast_vdd1v0 1.0
  Operating conditions:   PVT_1P1V_0C (balanced_tree)
  Wireload mode:          enclosed
  Area mode:              timing library
============================================================

        Pin                 Type      Fanout Load Slew Delay Arrival   
                                             (fF) (ps)  (ps)   (ps)    
-----------------------------------------------------------------------
(clock sys_clk)            launch                                  0 R 
core_B_24_reg[13]/CK                                 0    +0       0 R 
core_B_24_reg[13]/Q        SDFFRHQX1       7  3.0   22   +60      60 F 
g56247/A                                                  +0      60   
g56247/Y                   NOR4X1          4  1.4   58   +54     114 R 
g56176/AN                                                 +0     114   
g56176/Y                   NAND2BX1        2  0.9   12   +26     141 R 
g56087/B                                                  +0     141   
g56087/Y                   XNOR2X1         2  0.7    9   +32     172 F 
g56009/B                                                  +0     172   
g56009/Y                   OR2XL           2  0.6    9   +24     196 F 
g55931/A                                                  +0     196   
g55931/Y                   OR2XL           2  0.7   10   +27     224 F 
g55906/A1N                                                +0     224   
g55906/Y                   AOI2BB1XL       1  0.2    9   +22     246 F 
g55899/B                                                  +0     246   
g55899/Y                   OR2X1           5  2.1   18   +33     279 F 
g55885/B                                                  +0     279   
g55885/Y                   NOR2X1          2  1.1   23   +20     299 R 
g55867__5115/B                                            +0     299   
g55867__5115/Y             NAND2BX1        2  0.8   19   +20     318 F 
g55842__2883/B                                            +0     318   
g55842__2883/Y             XNOR2X1         2  0.8    9   +37     356 R 
g55820__1617/D                                            +0     356   
g55820__1617/Y             NAND4XL         1  0.3   34   +24     380 F 
g55808__5477/A0                                           +0     380   
g55808__5477/Y             OAI22XL         1  0.3   31   +29     409 R 
g55799__9945/AN                                           +0     409   
g55799__9945/Y             NOR2BX1         7  3.3   50   +46     455 R 
g55792__7482/B0                                           +0     455   
g55792__7482/Y             AOI21X1         4  1.8   38   +26     481 F 
g55786/A                                                  +0     481   
g55786/Y                   INVXL           2  0.6   14   +20     501 R 
g55767__5477/B                                            +0     501   
g55767__5477/Y             NOR2XL          1  0.3   14   +10     512 F 
g55739__4319/A0                                           +0     512   
g55739__4319/Y             OAI21XL         2  0.8   30   +26     538 R 
g55738__6260/AN                                           +0     538   
g55738__6260/Y             NAND2BX1        2  0.8   11   +22     560 R 
g55734__6417/B                                            +0     560   
g55734__6417/Y             AND2XL          1  0.5    9   +23     582 R 
g55729__2883/A1                                           +0     582   
g55729__2883/Y             OAI21X1         1  0.2   16   +14     596 F 
g55728__9945/B                                            +0     596   
g55728__9945/Y             OR2X1          15  5.9   42   +48     644 F 
g55727/A                                                  +0     644   
g55727/Y                   INVX1          11  5.3   44   +36     680 R 
g55705__4319/B1                                           +0     680   
g55705__4319/Y             OAI22X1         4  1.2   35   +35     714 F 
g55696__1666/B0                                           +0     714   
g55696__1666/Y             AOI21XL         1  0.3   19   +24     738 R 
g55681__7098/B                                            +0     738   
g55681__7098/Y             NOR2XL          2  0.7   16   +15     753 F 
g55674__1617/AN                                           +0     753   
g55674__1617/Y             NAND2BX1        3  1.2   26   +29     782 F 
g55670/A                                                  +0     782   
g55670/Y                   INVX1           3  1.3   14   +16     798 R 
g55669__8428/C0                                           +0     798   
g55669__8428/Y             OAI221X1        2  0.6   37   +34     832 F 
g55650__6131/A1N                                          +0     832   
g55650__6131/Y             OAI2BB1X1       1  0.4   14   +26     858 F 
g55644__1617/A1                                           +0     858   
g55644__1617/Y             AOI22X1         7  2.7   51   +39     897 R 
g55635__5477/B                                            +0     897   
g55635__5477/Y             NOR2XL          1  1.0   21   +27     924 F 
g55629__9945/B                                            +0     924   
g55629__9945/CO            ADDFX1          1  0.7   12   +46     970 F 
g55624__7482/CI                                           +0     970   
g55624__7482/CO            ADDFX1          1  0.7   12   +43    1013 F 
g55615__1705/CI                                           +0    1013   
g55615__1705/CO            ADDFX1          2  0.7   12   +43    1057 F 
g55608__6783/B                                            +0    1057   
g55608__6783/Y             NAND2BXL        1  0.5   11   +11    1068 R 
g55596__6417/A1                                           +0    1068   
g55596__6417/Y             AOI21X1         7  2.7   44   +33    1101 F 
g55594/A                                                  +0    1101   
g55594/Y                   INVX1           3  1.1   16   +21    1122 R 
g55588__9945/B                                            +0    1122   
g55588__9945/Y             AND2X1          4  1.6   14   +32    1154 R 
g55559__2346/A1                                           +0    1154   
g55559__2346/Y             AOI222X1        2  0.8   44   +34    1188 F 
g55549__6131/B                                            +0    1188   
g55549__6131/Y             NOR2X1          3  1.3   28   +30    1218 R 
g55534__2398/B                                            +0    1218   
g55534__2398/Y             AND2X1          3  1.1   11   +32    1250 R 
g55529__2346/B                                            +0    1250   
g55529__2346/Y             NAND2BXL        2  0.9   24   +20    1270 F 
g55522__9315/A1                                           +0    1270   
g55522__9315/Y             AOI21X1         2  1.1   27   +25    1295 R 
g55510__5122/A1                                           +0    1295   
g55510__5122/Y             AOI21X1         2  0.9   24   +26    1321 F 
g55496__6260/A1                                           +0    1321   
g55496__6260/Y             OAI21X1         1  0.6   21   +22    1344 R 
g55478__5115/B                                            +0    1344   
g55478__5115/Y             XNOR2X1         4  1.6   15   +31    1375 R 
g55467__1617/D                                            +0    1375   
g55467__1617/Y             NAND4XL         3  1.1   64   +43    1418 F 
g56370/AN                                                 +0    1418   
g56370/Y                   NOR3BX1         4  1.4   24   +32    1450 F 
g55450__2883/AN                                           +0    1450   
g55450__2883/Y             NOR2BX1         1  0.2    7   +20    1470 F 
g55447__6161/B                                            +0    1470   
g55447__6161/Y             OR2XL           2  0.6    9   +24    1494 F 
g55441__6131/A2                                           +0    1494   
g55441__6131/Y             AOI31X1         1  0.3   21   +16    1510 R 
g55440__7098/B0                                           +0    1510   
g55440__7098/Y             AOI21XL         1  0.4   19   +13    1524 F 
g56369/D                                                  +0    1524   
g56369/Y                   NOR4BX1         1  0.3   31   +22    1546 R 
g55423__5477/B                                            +0    1546   
g55423__5477/Y             OR2X1          18  8.4   60   +49    1595 R 
g55420/A                                                  +0    1595   
g55420/Y                   INVX1          10  3.6   36   +35    1630 F 
g55409__5115/A1                                           +0    1630   
g55409__5115/Y             AOI22X1         6  2.4   48   +43    1673 R 
g55371__7098/A1N                                          +0    1673   
g55371__7098/Y             OAI2BB1X1       2  0.8   14   +34    1707 R 
g55366__2802/AN                                           +0    1707   
g55366__2802/Y             NOR2BX1         5  2.1   38   +35    1742 R 
g55360__8428/C0                                           +0    1742   
g55360__8428/Y             OAI221X1        2  0.7   41   +42    1784 F 
g55344__6161/A                                            +0    1784   
g55344__6161/Y             MX2XL           2  0.7   11   +38    1823 F 
g55330__3680/A1                                           +0    1823   
g55330__3680/Y             AOI221X1       10  4.2  103   +74    1897 R 
g55315__7410/B                                            +0    1897   
g55315__7410/Y             NOR2XL          3  0.9   28   +44    1941 F 
g55302__6131/A1                                           +0    1941   
g55302__6131/Y             OAI21XL         1  0.5   25   +26    1967 R 
g55292__3680/B0                                           +0    1967   
g55292__3680/Y             OAI2BB1X1       2  0.7   17   +21    1988 F 
g55278__7410/A1                                           +0    1988   
g55278__7410/Y             AOI21X1         2  0.9   22   +21    2009 R 
g55276/A                                                  +0    2009   
g55276/Y                   INVXL           1  0.4    9   +13    2023 F 
g55264__6131/A1                                           +0    2023   
g55264__6131/Y             AOI21X1         2  1.1   25   +20    2043 R 
g55236__4733/A1                                           +0    2043   
g55236__4733/Y             OAI21X1         1  0.4   17   +20    2063 F 
g55226__5122/B                                            +0    2063   
g55226__5122/Y             NAND2X1        12  5.0   41   +28    2091 R 
g55220/A                                                  +0    2091   
g55220/Y                   INVX1           4  1.4   18   +22    2112 F 
g55202__6161/B                                            +0    2112   
g55202__6161/Y             NOR2X1          3  1.1   22   +20    2132 R 
g56362/A                                                  +0    2132   
g56362/Y                   AND2X1          5  2.1   18   +33    2166 R 
g55175/A                                                  +0    2166   
g55175/Y                   INVXL           1  0.4    8   +12    2177 F 
g55130__1881/B1                                           +0    2177   
g55130__1881/Y             OAI222X1        2  0.8   50   +23    2200 R 
g55103__2883/B                                            +0    2200   
g55103__2883/Y             NAND2X1         3  1.1   26   +30    2231 F 
g55088__1617/A                                            +0    2231   
g55088__1617/Y             NOR2X1          3  1.3   27   +25    2256 R 
g55054__3680/B                                            +0    2256   
g55054__3680/Y             NAND2BX1        2  0.7   18   +20    2277 F 
g55042__2346/A1                                           +0    2277   
g55042__2346/Y             AOI21X1         1  0.7   24   +20    2297 R 
g55027__8246/CI                                           +0    2297   
g55027__8246/CO            ADDFX1          1  0.7   11   +41    2338 R 
g55013__6260/CI                                           +0    2338   
g55013__6260/CO            ADDFX1          1  0.6   10   +38    2376 R 
g55008__7410/B                                            +0    2376   
g55008__7410/Y             XNOR2X1         2  0.7    9   +32    2407 F 
g55001__6161/AN                                           +0    2407   
g55001__6161/Y             NAND4BX1        3  0.9   45   +50    2458 F 
g54985__2802/C0                                           +0    2458   
g54985__2802/Y             OAI211X1        1  0.3   23   +20    2478 R 
g54973__5477/A1                                           +0    2478   
g54973__5477/Y             AO22XL          1  0.4    8   +37    2514 R 
core_X_reg_reg[10]/D  <<<  DFFRHQX1                       +0    2514   
core_X_reg_reg[10]/CK      setup                     0   +21    2536 R 
- - - - - - - - - - - - - - - - - - - - - - - - - - - - - - - - - - - -
(clock sys_clk)            capture                              3000 R 
-----------------------------------------------------------------------
Cost Group   : 'sys_clk' (path_group 'sys_clk')
Timing slack :     464ps 
Start-point  : core_B_24_reg[13]/CK
End-point    : core_X_reg_reg[10]/D

