                          CONFORMAL (R)
                   Version 21.10-s300 (22-Aug-2021) (64 bit executable)
   Copyright (c) Cadence Design Systems, Inc., 1997-2021. All Rights Reserved


This program is proprietary and confidential information belonging to
Cadence Design Systems, Inc., and may be used and disclosed only as authorized
in a license agreement controlling such use and disclosure.

// Warning: This version is 1738 days old. You can download the latest version from http://downloads.cadence.com.

// Check out Conformal_Low_Power_GXL 21.1 license
// Command: tclmode
// Command: set_screen_display -noprogress
0
// Command: set_dofile_abort exit
0
// Command: set lec_version [regsub {(-)[A-Za-z]} $env(LEC_VERSION) ""]
21.10300
// Command: set wlec_analyze_dp_flowgraph true
true
// Command: set share_dp_analysis         false
false
// Command: set lec_version_required "19.10100"
19.10100
// Command: if {$lec_version >= $lec_version_required &&
//              $wlec_analyze_dp_flowgraph} {
//              set DATAPATH_SOLVER_OPTION "-flowgraph"
//          } elseif {$share_dp_analysis} {
//              set DATAPATH_SOLVER_OPTION "-share"
//          } else {
//              set DATAPATH_SOLVER_OPTION ""
//          }
-flowgraph
// Command: proc is_pass {} {
//              redirect -variable compare_result {report_verification}
//              foreach i [split $compare_result "\n"] {
//                  if {[regexp {Compare Results:\s+PASS} $i]} {
//                      return true
//                  }
//              }
//              return false
//          }
// Command: tcl_set_command_name_echo on
// Command: usage -auto -elapse
CPU time     : 0.04    seconds
Elapse time  : 0       seconds
Memory usage : 83.77   M bytes
0
// Command: set_verification_information fv_map_fft_8_sol1_gen1_netlistv_db
// Note: Verification information fv_map_fft_8_sol1_gen1_netlistv_db does not exist. New directory created.
// Verification information is set to /home/rohan/Documents/ASIC-Optimization-FFT-Hardware/fv_map_fft_8_sol1_gen1_netlistv_db.
// Advanced reporting is enabled and the output is written to /home/rohan/Documents/ASIC-Optimization-FFT-Hardware/fv_map_fft_8_sol1_gen1_netlistv_db
0
// Command: read_implementation_information fv/fft_8_sol1_gen1_top -golden fv_map -revised fft_8_sol1_gen1_netlistv
// Reading implementation information from fv/fft_8_sol1_gen1_top ...
================================================================================
          Information Category                         Count
--------------------------------------------------------------------------------
     Sequential instance phase                           242
       Sequential optimization                             0
        Sequential duplication                             0
         Boundary optimization                             4
            Synthesis equation                             1
    Combinational loop breaker                             0
                       Mapping                             0
================================================================================
// Note: Read implementation information successfully.
0
// Command: set_parallel_option -threads 1,4 -norelease_license
// Number of threads is set to 1,4.
0
// Command: set_compare_options -threads 1,4
Set computing threads of compare to 1,4.
0
// Command: set env(RC_VERSION)     "21.10-p002_1"
21.10-p002_1
// Command: set env(CDN_SYNTH_ROOT) "/mnt/cadence_tools/GENUS211/tools.lnx86"
/mnt/cadence_tools/GENUS211/tools.lnx86
// Command: set CDN_SYNTH_ROOT      "/mnt/cadence_tools/GENUS211/tools.lnx86"
/mnt/cadence_tools/GENUS211/tools.lnx86
// Command: set env(CW_DIR) "/mnt/cadence_tools/GENUS211/tools.lnx86/lib/chipware"
/mnt/cadence_tools/GENUS211/tools.lnx86/lib/chipware
// Command: set CW_DIR      "/mnt/cadence_tools/GENUS211/tools.lnx86/lib/chipware"
/mnt/cadence_tools/GENUS211/tools.lnx86/lib/chipware
// Command: set_undefined_cell black_box -noascend -both
0
// Command: add_search_path . /mnt/cadence_tools/GENUS211/tools.lnx86/lib/tech -library -both
// Warning: Directory '/mnt/cadence_tools/GENUS211/tools.lnx86/lib/tech' doesn't exist and is ignored
0
// Command: read_library -liberty -both /home/rohan/Downloads/cadence/cadence_45nm/lib/fast_vdd1v0_basicCells.lib
// Parsing file /home/rohan/Downloads/cadence/cadence_45nm/lib/fast_vdd1v0_basicCells.lib ...
// Warning: (RTL9.17) Cell doesn't have any output pins or all output pins are undriven (blackboxed) (occurrence:1)
// Note: (RTL9.26) Liberty pin with internal_node use default input_map (occurrence:16)
// Note: Read Liberty library successfully
0
// Command: read_design -verilog95   -golden -lastmod -noelab fv/fft_8_sol1_gen1_top/fv_map.v.gz
// Parsing file fv/fft_8_sol1_gen1_top/fv_map.v.gz ...
0
// Command: elaborate_design -golden -root {fft_8_sol1_gen1_top}
// Golden root module is set to 'fft_8_sol1_gen1_top'
// Warning: (RTL14) Signal has input but it has no output (occurrence:1)
// Warning: (HRC3.10a) An input port is declared, but it is not completely used in the module (occurrence:3)
0
// Command: read_design -verilog95   -revised -lastmod -noelab /home/rohan/Documents/ASIC-Optimization-FFT-Hardware/reports/fft_8_sol1_gen1_netlist.v
// Parsing file /home/rohan/Documents/ASIC-Optimization-FFT-Hardware/reports/fft_8_sol1_gen1_netlist.v ...
0
// Command: elaborate_design -revised -root {fft_8_sol1_gen1_top}
// Revised root module is set to 'fft_8_sol1_gen1_top'
0
// Command: report_design_data
============================================
Summary           Golden         Revised
============================================
Design-modules         2               1
Library-cells       1802            1774
============================================
Primitives      Golden              Revised
============================================
INPUT               43                   43
OUTPUT              66                   66
--------------------------------------------
AND        *       814                  813
DFF                121                  121
INV        *       713                  688
NAND       *       591                  590
NOR                496                  496
OR         *       679                  680
WIRE                16                   16
XNOR               136                  136
XOR                 89                   89
--------------------------------------------
Total             3655                 3629

0
// Command: report_black_box
0
// Command: set_flatten_model -seq_constant
0
// Command: set_flatten_model -seq_constant_x_to 0
0
// Command: set_flatten_model -nodff_to_dlat_zero
0
// Command: set_flatten_model -nodff_to_dlat_feedback
0
// Command: set_flatten_model -hier_seq_merge
0
// Command: set lec_version_required "20.10100"
20.10100
// Command: if {$lec_version >= $lec_version_required} {
//              check_verification_information
//          }
// Command: check_verification_information
Checking Sequential constant...
Checking Sequential merge...
Checking Synthesis equation...
================================================================================
Implementation Information Check Summary: 
--------------------------------------------------------------------------------
Total Sequential Constants:     0
  Name Collision:               0
  Name Ambiguous:               0
  Name not Found:               0
--------------------------------------------------------------------------------
Total Sequential Merges:        0
  Name Collision:               0
  Name Ambiguous:               0
  Name not Found:               0
  Merge Target:
    Name Ambiguous:             0
    Name not Found:             0
--------------------------------------------------------------------------------
Total Synthesis Equations:      1
  Module not Found:             0
  Equation Conflict:            0
  Equation Syntax Error:        0
No Equation Modules:            0
================================================================================
0
// Command: set_analyze_option -auto -report_map
0
// Command: set_system_mode lec
// Processing Golden ...
// Modeling Golden ...
// Processing Revised ...
// Modeling Revised ...
// Balanced modeling (auto) mapped 242 out of 242 DFF/DLATs
// Mapping key points ...
================================================================================
Mapped points: SYSTEM class
--------------------------------------------------------------------------------
Mapped points     PI     PO     DFF       Total   
--------------------------------------------------------------------------------
Golden            43     66     121       230     
--------------------------------------------------------------------------------
Revised           43     66     121       230     
================================================================================
// Running automatic setup...
================================================================================
Mapped points: SYSTEM class
--------------------------------------------------------------------------------
Mapped points     PI     PO     DFF       Total   
--------------------------------------------------------------------------------
Golden            43     66     121       230     
--------------------------------------------------------------------------------
Revised           43     66     121       230     
================================================================================
// Automatic setup finished.
0
// Command: report_unmapped_points -summary
There is no unmapped point
0
// Command: report_unmapped_points -notmapped
There is no unmapped point
0
// Command: add_compared_points -all
// 187 compared points added to compare list
0
// Command: compare
// Warning: Checking out 3 next licenses (Conformal_Low_Power_GXL) in the license list, configurable by 'set parallel option -license'.
================================================================================
Compared points      PO     DFF       Total   
--------------------------------------------------------------------------------
Equivalent           66     121       187     
================================================================================
0
CPU time     : 2.54    seconds
Elapse time  : 8       seconds
Memory usage : 149.81  M bytes
// Command: report_compare_data -class nonequivalent -class abort -class notcompared
0 Non-equivalent point(s) reported
0 Abort point(s) reported
0 Not-compared point(s) reported
0 compared point(s) reported
================================================================================
Compared points      PO     DFF       Total   
--------------------------------------------------------------------------------
Equivalent           66     121       187     
================================================================================
0
// Command: report_verification -verbose
================================================================================
                            Verification Report
--------------------------------------------------------------------------------
Category                                                                  Count
--------------------------------------------------------------------------------
1. Non-standard modeling options used:                                      0
     Tri-stated output:                                        checked
     Revised X signals set to E:                               yes
     Floating signals tied to Z:                               yes
     Command "add clock" for clock-gating:                     not used
--------------------------------------------------------------------------------
2. Incomplete verification:                                                 0
     All primary outputs are mapped:                           yes
     Not-mapped DFF/DLAT is detected:                          no
     All mapped points are added as compare points:            yes
     All compared points are compared:                         yes
     User added black box:                                     no
     Black box mapped with different module name:              no
     Empty module is not black boxed:                          no
     Command "add ignore outputs" used:                        no
     Always false constraints detected:                        no
--------------------------------------------------------------------------------
3. User modification to design:                                             0
     Change gate type:                                         no
     Change wire:                                              no
     Primary input added by user:                              no
--------------------------------------------------------------------------------
4. Conformal Constraint Designer clock domain crossing checks recommended:  0
     Multiple clocks in the design:                            no
--------------------------------------------------------------------------------
5. Design ambiguity:                                                        0
     Duplicate module definition:                              no
     Black box due to undefined cells:                         no
     Golden design has abnormal ratio of unreachable gates:    no
     Ratio of golden unreachable gates:                        0%
     Revised design has abnormal ratio of unreachable gates:   no
     Ratio of revised unreachable gates:                       0%
     All primary input bus ordering is consistent:             yes
     All primary output bus ordering is consistent:            yes
     DFF/DLAT not compared due to disabled clock port(s):        0
     Always X compared point is detected:                      not checked
--------------------------------------------------------------------------------
6. Compare Results:                                                        PASS
     Number of EQ compare points:                              187
     Number of NON-EQ compare points:                          0
     Number of Aborted compare points:                         0
     Number of Uncompared compare points :                     0
================================================================================
pass
// Command: report_statistics
Mapping and compare statistics
================================================================================
                     Compare Result       Golden            Revised
--------------------------------------------------------------------------------
Root module name                          fft_8_sol1_g...   fft_8_sol1_g...   

Primary inputs                                43                 43
   Mapped                                     43                 43

Primary outputs                               66                 66
   Mapped                                     66                 66
      Equivalent                 66

State key points                             121                121
   Mapped                                    121                121
      Equivalent                121
================================================================================
0
// Command: if {![is_pass]} {
//              error "// ERROR: Compare was not equivalent."
//          }
// Command: write_verification_information
// Verification information is written to fv_map_fft_8_sol1_gen1_netlistv_db.
0
// Command: report_verification_information
// Generating reports on verification information at /home/rohan/Documents/ASIC-Optimization-FFT-Hardware/fv_map_fft_8_sol1_gen1_netlistv_db...
LEC run scores:
================================================================================
Step                Score     Range          
--------------------------------------------------------------------------------
result_status       10        10             
runtime             10        10             
mapping             10        10             
sequential_constant 5         10             
sequential_merge    5         10             
sequential_phase    10        10             
datapath_analysis   5         10             
combinational_loop  5         10             
mismatch_detection  5         10             
overall             65        90             
================================================================================
LEC results versus attributes:
================================================================================
Attribute           Total     Inconsistency  Combined Table                
--------------------------------------------------------------------------------
sequential_constant 0         0                                            
sequential_merge    0         0                                            
sequential_phase    121       0              sequential_phase.json         
================================================================================
The tables can be viewed directly using web interface.
// Done with reporting verification information.
0
// Command: set lec_version_required "18.20330"
18.20330
// Command: if {$lec_version >= $lec_version_required} {
//              report_implementation_information
//          }
// Command: report_implementation_information
// Reporting implementation information...
// Information summary:
================================================================================
        Information Category     Total      Used    Unused  Rejected     Abort
--------------------------------------------------------------------------------
   Sequential instance phase       242       242         0         0         0
               Phase mapping         0         0         0         0         0
         Sequential constant         0         0         0         0         0
            Sequential merge         0         0         0         0         0
      Sequential unreachable         0         0         0         0         0
      Sequential duplication         0         0         0         0         0
       Boundary optimization         4         0         4         0         0
          Synthesis equation         1         1         0         0         0
  Combinational loop breaker         0         0         0         0         0
================================================================================
0
// Command: reset
// Warning: Reset the system and deleting all design data
// Warning: Existing golden design has been deleted
// Warning: Existing golden library has been deleted
// Warning: Existing revised design has been deleted
// Warning: Existing revised library has been deleted
0
// Command: set_verification_information rtl_fv_map_db
// Verification information is set to /home/rohan/Documents/ASIC-Optimization-FFT-Hardware/rtl_fv_map_db.
// Advanced reporting is enabled and the output is written to /home/rohan/Documents/ASIC-Optimization-FFT-Hardware/rtl_fv_map_db
0
// Command: read_implementation_information fv/fft_8_sol1_gen1_top -revised fv_map
// Reading implementation information from fv/fft_8_sol1_gen1_top ...
================================================================================
          Information Category                         Count
--------------------------------------------------------------------------------
     Sequential instance phase                           121
       Sequential optimization                            32
        Sequential duplication                             0
         Boundary optimization                             4
            Synthesis equation                             1
    Combinational loop breaker                             0
                       Mapping                             0
================================================================================
// Note: Read implementation information successfully.
0
// Command: set_parallel_option -threads 1,4 -norelease_license
// Number of threads is set to 1,4.
0
// Command: set_compare_options -threads 1,4
Set computing threads of compare to 1,4.
0
// Command: set env(RC_VERSION)     "21.10-p002_1"
21.10-p002_1
// Command: set env(CDN_SYNTH_ROOT) "/mnt/cadence_tools/GENUS211/tools.lnx86"
/mnt/cadence_tools/GENUS211/tools.lnx86
// Command: set CDN_SYNTH_ROOT      "/mnt/cadence_tools/GENUS211/tools.lnx86"
/mnt/cadence_tools/GENUS211/tools.lnx86
// Command: set env(CW_DIR) "/mnt/cadence_tools/GENUS211/tools.lnx86/lib/chipware"
/mnt/cadence_tools/GENUS211/tools.lnx86/lib/chipware
// Command: set CW_DIR      "/mnt/cadence_tools/GENUS211/tools.lnx86/lib/chipware"
/mnt/cadence_tools/GENUS211/tools.lnx86/lib/chipware
// Command: set_undefined_cell black_box -noascend -both
0
// Command: add_search_path . /mnt/cadence_tools/GENUS211/tools.lnx86/lib/tech -library -both
// Warning: Directory '/mnt/cadence_tools/GENUS211/tools.lnx86/lib/tech' doesn't exist and is ignored
0
// Command: read_library -liberty -both /home/rohan/Downloads/cadence/cadence_45nm/lib/fast_vdd1v0_basicCells.lib
// Parsing file /home/rohan/Downloads/cadence/cadence_45nm/lib/fast_vdd1v0_basicCells.lib ...
// Warning: (RTL9.17) Cell doesn't have any output pins or all output pins are undriven (blackboxed) (occurrence:1)
// Note: (RTL9.26) Liberty pin with internal_node use default input_map (occurrence:16)
// Note: Read Liberty library successfully
0
CPU time     : 2.66    seconds
Elapse time  : 9       seconds
Memory usage : 148.11  M bytes
// Command: set_undriven_signal 0 -golden
0
// Command: set lec_version_required "16.20100"
16.20100
// Command: if {$lec_version >= $lec_version_required} {
//              set_naming_style genus -golden
//          } else {
//              set_naming_style rc -golden
//          }
// Command: set_naming_style genus -golden
0
// Command: set_naming_rule "%s\[%d\]" -instance_array -golden
0
// Command: set_naming_rule "%s_reg" -register -golden
0
// Command: set_naming_rule "%L.%s" "%L\[%d\].%s" "%s" -instance -golden
0
// Command: set_naming_rule "%L.%s" "%L\[%d\].%s" "%s" -variable -golden
0
// Command: set lec_version_required "17.10200"
17.10200
// Command: if {$lec_version >= $lec_version_required} {
//              set_naming_rule -ungroup_separator {_} -golden
//          }
// Command: set_naming_rule -ungroup_separator _ -golden
0
// Command: set lec_version_required "17.20301"
17.20301
// Command: if {$lec_version >= $lec_version_required} {
//              set_hdl_options -const_port_extend
//          }
// Command: set_hdl_options -const_port_extend
0
// Command: set_hdl_options -VERILOG_INCLUDE_DIR "sep:src:cwd"
0
// Command: delete_search_path -all -design -golden
0
// Command: add_search_path /home/rohan/Documents/ASIC-Optimization-FFT-Hardware/verilog_sources -design -golden
0
// Command: read_design -enumconstraint -define SYNTHESIS  -merge bbox -golden -lastmod -noelab -sv09  /home/rohan/Documents/ASIC-Optimization-FFT-Hardware/verilog_sources/precision_converter.v /home/rohan/Documents/ASIC-Optimization-FFT-Hardware/verilog_sources/multiplier.v /home/rohan/Documents/ASIC-Optimization-FFT-Hardware/verilog_sources/mixed_precision_wrappers.v /home/rohan/Documents/ASIC-Optimization-FFT-Hardware/verilog_sources/butterfly.v /home/rohan/Documents/ASIC-Optimization-FFT-Hardware/verilog_sources/bit_reversal.v /home/rohan/Documents/ASIC-Optimization-FFT-Hardware/verilog_sources/agu.v /home/rohan/Documents/ASIC-Optimization-FFT-Hardware/verilog_sources/adder.v /home/rohan/Documents/ASIC-Optimization-FFT-Hardware/verilog_sources/twiddle_rom_synthesizeable.v
// Parsing file /home/rohan/Documents/ASIC-Optimization-FFT-Hardware/verilog_sources/precision_converter.v ...
// Parsing file /home/rohan/Documents/ASIC-Optimization-FFT-Hardware/verilog_sources/multiplier.v ...
// Parsing file /home/rohan/Documents/ASIC-Optimization-FFT-Hardware/verilog_sources/mixed_precision_wrappers.v ...
// Parsing file /home/rohan/Documents/ASIC-Optimization-FFT-Hardware/verilog_sources/butterfly.v ...
// Parsing file /home/rohan/Documents/ASIC-Optimization-FFT-Hardware/verilog_sources/bit_reversal.v ...
// Parsing file /home/rohan/Documents/ASIC-Optimization-FFT-Hardware/verilog_sources/agu.v ...
// Parsing file /home/rohan/Documents/ASIC-Optimization-FFT-Hardware/verilog_sources/adder.v ...
// Parsing file /home/rohan/Documents/ASIC-Optimization-FFT-Hardware/verilog_sources/twiddle_rom_synthesizeable.v ...
0
// Command: delete_search_path -all -design -golden
0
// Command: add_search_path /home/rohan/Documents/ASIC-Optimization-FFT-Hardware/verilog_sources -design -golden
0
// Command: read_design -enumconstraint -define SYNTHESIS  -merge bbox -golden -lastmod -noelab -sv09  /home/rohan/Documents/ASIC-Optimization-FFT-Hardware/generated_designs/fft_8_sol1_gen1.v
// Parsing file /home/rohan/Documents/ASIC-Optimization-FFT-Hardware/generated_designs/fft_8_sol1_gen1.v ...
0
// Command: delete_search_path -all -design -golden
0
// Command: add_search_path /home/rohan/Documents/ASIC-Optimization-FFT-Hardware/verilog_sources -design -golden
0
// Command: read_design -enumconstraint -define SYNTHESIS  -merge bbox -golden -lastmod -noelab -sv09  /home/rohan/Documents/ASIC-Optimization-FFT-Hardware/generated_designs/fft_8_sol1_gen1_top.v
// Parsing file /home/rohan/Documents/ASIC-Optimization-FFT-Hardware/generated_designs/fft_8_sol1_gen1_top.v ...
0
// Command: elaborate_design -golden -root {fft_8_sol1_gen1_top} -rootonly 
// Golden root module is set to 'fft_8_sol1_gen1_top'
// Warning: (RTL1.2) Variable/signal is assigned by multiple non-blocking assignments (occurrence:2)
// Warning: (RTL1.4) Assignment with LHS bit width is greater than RHS bit width (occurrence:2)
// Warning: (RTL1.5a) Assignment with RHS bit width is greater than LHS bit width (occurrence:11)
// Warning: (RTL1.5b) Potential loss of RHS msb or carry-out bit (occurrence:21)
// Warning: (RTL5.1a) Overlapped case items (occurrence:11)
// Note: (RTL5.1c) Case items have nonconsequential overlapping condition (occurrence:2)
// Warning: (RTL5.3) Case expressions/items are resized (occurrence:6)
// Note: (RTL5.5a) Default case item with non-X assignment(s) (occurrence:8)
// Note: (RTL5.7) Default case item with inconsistent assignment(s). (occurrence:1)
// Warning: (RTL6.3) X created when divisor equals to zero (occurrence:1)
// Warning: (RTL7.10a) Comparison with different data sizes (occurrence:1)
// Warning: (RTL7.10b) Ternary branches have different data sizes (occurrence:2)
// Warning: (RTL7.10d) Comparison with positive constant of different signedness (occurrence:2)
// Warning: (RTL7.11b) Unsigned reference with index/part selection to a signed variable (occurrence:2)
// Warning: (RTL7.13) Logical operator is applied to multiple-bit operand (occurrence:1)
// Note: (RTL8.1) Multiple multipliers/dividers are in module/entity (occurrence:1)
// Warning: (RTL14.1) Fanout load of the signal is removed (occurrence:11)
// Note: (VLG9.2) The `define macro is used (occurrence:3)
// Warning: (VLG15.2) Generate block is not named explicitly by user. LEC will use IEEE naming convention (occurrence:3)
// Warning: (DIR6.1) Ignored compiler directive is detected (occurrence:3)
// Note: (HRC3.5b) Open output port connection is detected (occurrence:1)
// Warning: (HRC3.10a) An input port is declared, but it is not completely used in the module (occurrence:16)
// Warning: (HRC3.16) A wire is declared, but not used in the module (occurrence:4)
0
// Command: read_design -verilog95   -revised -lastmod -noelab fv/fft_8_sol1_gen1_top/fv_map.v.gz
// Parsing file fv/fft_8_sol1_gen1_top/fv_map.v.gz ...
0
// Command: elaborate_design -revised -root {fft_8_sol1_gen1_top}
// Revised root module is set to 'fft_8_sol1_gen1_top'
// Warning: (RTL14) Signal has input but it has no output (occurrence:1)
// Warning: (HRC3.10a) An input port is declared, but it is not completely used in the module (occurrence:3)
0
// Command: uniquify -all -nolib -golden
Uniquified 2 instance(s) referring to module 'butterfly_wrapper_MULT_PRECISION1_ADD_PRECISION1' in Golden
Uniquified 2 instance(s) referring to module 'fp8_butterfly_generation_unit' in Golden
Uniquified 5 instance(s) referring to module 'fp8_complex_add_sub' in Golden
Uniquified 2 instance(s) referring to module 'fp8_cmul' in Golden
Uniquified 17 instance(s) referring to module 'fp8_add_sub' in Golden
Uniquified 11 instance(s) referring to module 'fp8_mul' in Golden
Uniquified 5 instance(s) referring to module 'fp8_to_fp4_converter' in Golden
Uniquified 7 module(s)
0
// Command: report_design_data
============================================
Summary           Golden         Revised
============================================
Design-modules       105               2
Library-cells       1269            1802
============================================
Primitives      Golden              Revised
============================================
INPUT               43                   43
OUTPUT              66                   66
--------------------------------------------
AND        *      9160                  814
BUF        *       236                    0
DFF        *       153                  121
INV        *      1812                  713
MUX        *      4199                    0
NAND       *        48                  591
NOR        *      1075                  496
OR         *      1941                  679
WIRE       *      1727                   16
XNOR       *       609                  136
XOR        *      2109                   89
------ word-level --------------------------
ADD        *       137                    0
DIV        *         1                    0
EQ         *        18                    0
GE         *        48                    0
GT         *        37                    0
LE         *        54                    0
LT         *        21                    0
MULT       *        14                    0
NE         *        18                    0
SRL        *         2                    0
SUBTRACT   *       131                    0
WMUX       *       813                    0
WSEL       *        16                    0
--------------------------------------------
Total            23069                 3655

0
// Command: report_black_box
0
// Command: set_flatten_model -seq_constant
0
// Command: set_flatten_model -seq_constant_x_to 0
0
// Command: set_flatten_model -nodff_to_dlat_zero
0
// Command: set_flatten_model -nodff_to_dlat_feedback
0
// Command: set_flatten_model -hier_seq_merge
0
// Command: set_flatten_model -balanced_modeling
0
// Command: set lec_version_required "20.10100"
20.10100
// Command: if {$lec_version >= $lec_version_required} {
//              check_verification_information
//          }
// Command: check_verification_information
Checking Sequential constant...
Checking Sequential merge...
Checking Synthesis equation...
================================================================================
Implementation Information Check Summary: 
--------------------------------------------------------------------------------
Total Sequential Constants:     14
  Name Collision:               0
  Name Ambiguous:               0
  Name not Found:               0
--------------------------------------------------------------------------------
Total Sequential Merges:        2
  Name Collision:               0
  Name Ambiguous:               0
  Name not Found:               0
  Merge Target:
    Name Ambiguous:             0
    Name not Found:             0
--------------------------------------------------------------------------------
Total Synthesis Equations:      1
  Module not Found:             0
  Equation Conflict:            0
  Equation Syntax Error:        0
No Equation Modules:            0
================================================================================
0
// Command: set_analyze_option -auto -report_map
0
// Command: write_hier_compare_dofile hier_tmp2.lec.do -verbose -noexact_pin_match -constraint -usage \
//          -replace -balanced_extraction -input_output_pin_equivalence \
//          -prepend_string "report_design_data; report_unmapped_points -summary; report_unmapped_points -notmapped; analyze_datapath -module -verbose; eval analyze_datapath $DATAPATH_SOLVER_OPTION -verbose"
// The following settings are used for hierarchical dofile generation:
// Modeling Options:
    Auto setup disabled
    GATED_Clock modeling enabled
// Mapping Method:
    Name Only
--------------------------------------------------------------------------------
// Flattening Golden and Revised designs ...
--------------------------------------------------------------------------------
// Read in 2 merge group(s) from verification information.
// Processing Golden ...
// Modeling Golden ...
// Warning: (F34) Converted 11 X assignment(s) as don't care(s)
// (F21) Merged 2 DFF/DLAT(s) due to added instance equivalences (flatten)
// Processing Revised ...
// Modeling Revised ...
// Balanced modeling mapped 242 out of 274 DFF/DLATs
// Collected 14 sequential constant(s) via setup info for Golden
// (F18) Converted 14 DFF/DLAT(s) in (G) to ZERO/ONE
// Warning: Golden and Revised have different numbers of key points:
// Golden  key points = 262
// Revised key points = 230
// Warning: Automatic key point mapping is skipped
// Note: Comparing instance equivalent points ...
// Command: compare -nowriteuvi
Compare results of instance/output/pin equivalences and/or sequential merge      
================================================================================
Compared points      DFF       Total   
--------------------------------------------------------------------------------
Equivalent           2         2       
================================================================================
CPU time     : 3.03    seconds
Elapse time  : 13      seconds
Memory usage : 190.72  M bytes
// Command: MAP KEy Points
// Mapping key points ...
================================================================================
Mapped points: SYSTEM class
--------------------------------------------------------------------------------
Mapped points     PI     PO     DFF       Total   
--------------------------------------------------------------------------------
Golden            43     66     121       230     
--------------------------------------------------------------------------------
Revised           43     66     121       230     
================================================================================
// Note: A key point group is counted as one key point
// Golden has 2 key point groups
Unmapped points:
================================================================================
Golden:
--------------------------------------------------------------------------------
Unmapped points   DFF       Total   
--------------------------------------------------------------------------------
Unreachable       30        30      
================================================================================
--------------------------------------------------------------------------------
// Starting hierarchical dofile generation ...
--------------------------------------------------------------------------------
// Total Matching Module Instance Pairs =  1
// Module Instantiation Ratio in Golden = 1.00
// Module Instantiation Ratio in Revised = 1.00
// Gathering Instance Boundary Information ...
// Extracting Constraints in Golden ...
// Extracting Constraints in Revised ...
// Extracting logic-cone properties of pins ...
// Balancing Constraints ...
// Resolving Constraints ...
// Writing hierarchical dofile ...
# The following Golden modules are not written because of non-matching
# instance names in Revised:
# complex_fp8_to_fp4 (Instance: core/rd_conv_down) (G)
# fp8_complex_add_sub (Instance: core/bf_st0/USE_PURE_FP8.fp8_butterfly_inst/adder_inst) (G)
# bit_reverse_MAX_N1024_WIDTH11 (Instance: br) (G)
# fp8_add_sub_2_4 (Instance: core/bf_st2/USE_PURE_FP8.fp8_butterfly_inst/sub_inst/adder_imag) (G)
# twiddle_factor_unified_synthesizable_MAX_N1024_ADDR_WIDTH11 (Instance: core/twiddle_rom) (G)
# fp8_add_sub_0_1 (Instance: core/bf_st2/USE_PURE_FP8.fp8_butterfly_inst/cmul_inst/a1) (G)
# fp8_add_sub_0_0 (Instance: core/bf_st1/USE_PURE_FP8.fp8_butterfly_inst/cmul_inst/a1) (G)
# fp8_complex_add_sub_0_0 (Instance: core/bf_st1/USE_PURE_FP8.fp8_butterfly_inst/sub_inst) (G)
# fp8_add_sub_2 (Instance: core/bf_st0/USE_PURE_FP8.fp8_butterfly_inst/adder_inst/adder_imag) (G)
# fp8_cmul_1 (Instance: core/bf_st2/USE_PURE_FP8.fp8_butterfly_inst/cmul_inst) (G)
# fp8_add_sub_0 (Instance: core/bf_st0/USE_PURE_FP8.fp8_butterfly_inst/cmul_inst/a1) (G)
# fp8_add_sub_2_3 (Instance: core/bf_st2/USE_PURE_FP8.fp8_butterfly_inst/adder_inst/adder_imag) (G)
# fp8_mul_4 (Instance: core/bf_st2/USE_PURE_FP8.fp8_butterfly_inst/cmul_inst/m1) (G)
# fp8_complex_add_sub_2 (Instance: core/bf_st2/USE_PURE_FP8.fp8_butterfly_inst/adder_inst) (G)
# fft_8_sol1_gen1_core_MAX_N1024_ADDR_WIDTH11 (Instance: core) (G)
# fp8_mul_0_1 (Instance: core/bf_st2/USE_PURE_FP8.fp8_butterfly_inst/cmul_inst/m2) (G)
# fp8_mul_3 (Instance: core/bf_st1/USE_PURE_FP8.fp8_butterfly_inst/cmul_inst/m1) (G)
# fp8_add_sub_4 (Instance: core/bf_st2/USE_PURE_FP8.fp8_butterfly_inst/cmul_inst/s1) (G)
# fp8_add_sub_1_4 (Instance: core/bf_st2/USE_PURE_FP8.fp8_butterfly_inst/sub_inst/adder_real) (G)
# fp8_mul_1_1 (Instance: core/bf_st2/USE_PURE_FP8.fp8_butterfly_inst/cmul_inst/m3) (G)
# fp8_mul_0_0 (Instance: core/bf_st1/USE_PURE_FP8.fp8_butterfly_inst/cmul_inst/m2) (G)
# fp8_mul (Instance: core/bf_st0/USE_PURE_FP8.fp8_butterfly_inst/cmul_inst/m1) (G)
# fp8_add_sub_3 (Instance: core/bf_st1/USE_PURE_FP8.fp8_butterfly_inst/cmul_inst/s1) (G)
# fp8_butterfly_generation_unit (Instance: core/bf_st0/USE_PURE_FP8.fp8_butterfly_inst) (G)
# fp8_mul_2_1 (Instance: core/bf_st2/USE_PURE_FP8.fp8_butterfly_inst/cmul_inst/m4) (G)
# fp8_add_sub_2_0 (Instance: core/bf_st0/USE_PURE_FP8.fp8_butterfly_inst/sub_inst/adder_imag) (G)
# fp8_mul_1_0 (Instance: core/bf_st1/USE_PURE_FP8.fp8_butterfly_inst/cmul_inst/m3) (G)
# fp8_mul_0 (Instance: core/bf_st0/USE_PURE_FP8.fp8_butterfly_inst/cmul_inst/m2) (G)
# fp8_add_sub (Instance: core/bf_st0/USE_PURE_FP8.fp8_butterfly_inst/cmul_inst/s1) (G)
# fp8_add_sub_1 (Instance: core/bf_st0/USE_PURE_FP8.fp8_butterfly_inst/adder_inst/adder_real) (G)
# fp8_mul_2_0 (Instance: core/bf_st1/USE_PURE_FP8.fp8_butterfly_inst/cmul_inst/m4) (G)
# fp8_mul_1 (Instance: core/bf_st0/USE_PURE_FP8.fp8_butterfly_inst/cmul_inst/m3) (G)
# fp8_complex_add_sub_1 (Instance: core/bf_st1/USE_PURE_FP8.fp8_butterfly_inst/adder_inst) (G)
# fp8_add_sub_1_3 (Instance: core/bf_st2/USE_PURE_FP8.fp8_butterfly_inst/adder_inst/adder_real) (G)
# fp8_mul_2 (Instance: core/bf_st0/USE_PURE_FP8.fp8_butterfly_inst/cmul_inst/m4) (G)
# butterfly_wrapper_MULT_PRECISION1_ADD_PRECISION1 (Instance: core/bf_st0) (G)
# butterfly_wrapper_MULT_PRECISION1_ADD_PRECISION1_0 (Instance: core/bf_st1) (G)
# butterfly_wrapper_MULT_PRECISION1_ADD_PRECISION1_1 (Instance: core/bf_st2) (G)
# fp8_add_sub_1_0 (Instance: core/bf_st0/USE_PURE_FP8.fp8_butterfly_inst/sub_inst/adder_real) (G)
# fp8_cmul_0 (Instance: core/bf_st1/USE_PURE_FP8.fp8_butterfly_inst/cmul_inst) (G)
# fp8_cmul (Instance: core/bf_st0/USE_PURE_FP8.fp8_butterfly_inst/cmul_inst) (G)
# fp8_add_sub_2_1 (Instance: core/bf_st1/USE_PURE_FP8.fp8_butterfly_inst/adder_inst/adder_imag) (G)
# fp8_add_sub_2_2 (Instance: core/bf_st1/USE_PURE_FP8.fp8_butterfly_inst/sub_inst/adder_imag) (G)
# fp8_butterfly_generation_unit_1 (Instance: core/bf_st2/USE_PURE_FP8.fp8_butterfly_inst) (G)
# dit_fft_agu_variable_MAX_N1024_ADDR_WIDTH11 (Instance: core/agu) (G)
# fp8_butterfly_generation_unit_0 (Instance: core/bf_st1/USE_PURE_FP8.fp8_butterfly_inst) (G)
# fp8_complex_add_sub_0 (Instance: core/bf_st0/USE_PURE_FP8.fp8_butterfly_inst/sub_inst) (G)
# complex_fp4_to_fp8 (Instance: core/rd_conv_up) (G)
# fp8_complex_add_sub_0_1 (Instance: core/bf_st2/USE_PURE_FP8.fp8_butterfly_inst/sub_inst) (G)
# fp8_add_sub_1_1 (Instance: core/bf_st1/USE_PURE_FP8.fp8_butterfly_inst/adder_inst/adder_real) (G)
# fp8_add_sub_1_2 (Instance: core/bf_st1/USE_PURE_FP8.fp8_butterfly_inst/sub_inst/adder_real) (G)
# The following Revised modules are not written because of non-matching
# instance names in Golden:
# WALLACE_CSA_DUMMY_OP_group_1019 (Instance: core_WALLACE_CSA_DUMMY_OP_groupi) (R)
1 module pairs are written for hierarchical comparison
0
// Command: run_hier_compare hier_tmp2.lec.do -dynamic_hierarchy
// Command: vpxmode
// Command: delete set_seq_merge
// Command: set_seq_merge /core/twiddle_rom_twiddle_out_reg[8]  /core/twiddle_rom_twiddle_out_reg[9] -Golden
// Command: set_seq_merge /core/twiddle_rom_twiddle_out_reg[12]  /core/twiddle_rom_twiddle_out_reg[13] -Golden
// Command: tclmode
// Running Module fft_8_sol1_gen1_top and fft_8_sol1_gen1_top
// Command: set_root_module fft_8_sol1_gen1_top -Golden
// Warning: Golden root module is already at 'fft_8_sol1_gen1_top'
0
// Command: set_root_module fft_8_sol1_gen1_top -Revised
// Warning: Revised root module is already at 'fft_8_sol1_gen1_top'
0
// Command: set_module_property -instance / -Golden
0
// Command: set_module_property -instance / -Revised
0
// Command: report_black_box -NOHidden
0
// Applying constraints to module boundaries ...
// 1 Golden and 1 Revised pins constrained to constant value
// Command: set_system_mode lec
// Processing Golden ...
// Modeling Golden ...
// Warning: (F34) Converted 11 X assignment(s) as don't care(s)
// (F21) Merged 2 DFF/DLAT(s) due to added instance equivalences (flatten)
// Processing Revised ...
// Modeling Revised ...
// Balanced modeling mapped 242 out of 274 DFF/DLATs
// Collected 14 sequential constant(s) via setup info for Golden
// (F18) Converted 14 DFF/DLAT(s) in (G) to ZERO/ONE
CPU time     : 3.24    seconds
Elapse time  : 13      seconds
Memory usage : 201.66  M bytes
// Warning: Golden and Revised have different numbers of key points:
// Golden  key points = 262
// Revised key points = 230
// Mapping key points ...
================================================================================
Mapped points: SYSTEM class
--------------------------------------------------------------------------------
Mapped points     PI     PO     DFF       Total   
--------------------------------------------------------------------------------
Golden            43     66     121       230     
--------------------------------------------------------------------------------
Revised           43     66     121       230     
================================================================================
// Note: A key point group is counted as one key point
// Golden has 2 key point groups
Unmapped points:
================================================================================
Golden:
--------------------------------------------------------------------------------
Unmapped points   DFF       Total   
--------------------------------------------------------------------------------
Unreachable       30        30      
================================================================================
// Running automatic setup...
================================================================================
Mapped points: SYSTEM class
--------------------------------------------------------------------------------
Mapped points     PI     PO     DFF       Total   
--------------------------------------------------------------------------------
Golden            43     66     121       230     
--------------------------------------------------------------------------------
Revised           43     66     121       230     
================================================================================
// Note: A key point group is counted as one key point
// Golden has 2 key point groups
Unmapped points:
================================================================================
Golden:
--------------------------------------------------------------------------------
Unmapped points   DFF       Total   
--------------------------------------------------------------------------------
Unreachable       30        30      
================================================================================
// Automatic setup finished.
0
CPU time     : 3.41    seconds
Elapse time  : 13      seconds
Memory usage : 201.87  M bytes
// Command: report_design_data
============================================
Summary           Golden         Revised
============================================
Design-modules       105               2
Library-cells       1269            1802
============================================
Primitives      Golden              Revised
============================================
INPUT               43                   43
OUTPUT              66                   66
--------------------------------------------
AND        *      9160                  814
BUF        *       236                    0
DFF        *       153                  121
INV        *      1812                  713
MUX        *      4199                    0
NAND       *        48                  591
NOR        *      1075                  496
OR         *      1941                  679
WIRE       *      1727                   16
XNOR       *       609                  136
XOR        *      2109                   89
------ word-level --------------------------
ADD        *       137                    0
DIV        *         1                    0
EQ         *        18                    0
GE         *        48                    0
GT         *        37                    0
LE         *        54                    0
LT         *        21                    0
MULT       *        14                    0
NE         *        18                    0
SRL        *         2                    0
SUBTRACT   *       131                    0
WMUX       *       813                    0
WSEL       *        16                    0
--------------------------------------------
Total            23069                 3655

// Command: report_unmapped_points -summary
================================================================================
Golden:
--------------------------------------------------------------------------------
Unmapped points   DFF       Total   
--------------------------------------------------------------------------------
Unreachable       30        30      
================================================================================
// Command: report_unmapped_points -notmapped

0 unmapped points reported
// Command: analyze_datapath -module -verbose
// Note: Multithreaded module datapath analysis (MDP) is enabled
// 1 datapath module is detected based on verification information.
// Note: core_WALLACE_CSA_DUMMY_OP_groupi : quality evaluated 100% success 
// Command: analyze_datapath -flowgraph -verbose
// Note: core/agu/div_51_50(divider): quality evaluated 66% success
0
CPU time     : 6.46    seconds
Elapse time  : 25      seconds
Memory usage : 211.54  M bytes
// Command: add_compared_points -all
// 187 compared points added to compare list
0
// Command: compare -noneq_stop 1  -threads 1,4
// Compare will stop on the 1st non-equivalent point
================================================================================
Compared points      PO     DFF       Total   
--------------------------------------------------------------------------------
Equivalent           66     121       187     
================================================================================
Compare results of merged compare points                            
================================================================================
Compared points      DFF       Total   
--------------------------------------------------------------------------------
Equivalent           2         2       
================================================================================
Compare results of instance/output/pin equivalences and/or sequential merge      
================================================================================
Compared points      DFF       Total   
--------------------------------------------------------------------------------
Equivalent           2         2       
================================================================================
CPU time     : 14.73   seconds
Elapse time  : 34      seconds
Memory usage : 211.68  M bytes
// Command: analyze abort -compare
There is no abort/specified point to be analyzed.
// Command: save_hier_compare_result
0
// Command: set_system_mode setup
0
// Command: usage
CPU time     : 14.74   seconds
Memory usage : 219.52  M bytes
0
Processed 1 out of 1 module pairs	EQ: 1	NEQ: 0	ABORT: 0

================================================================================
Module Comparison Results
--------------------------------------------------------------------------------
Equivalent                     1
--------------------------------------------------------------------------------
Total                          1
--------------------------------------------------------------------------------
Hierarchical compare : Equivalent 
================================================================================
0
// Command: report_hier_compare_result -dynamicflattened
0
// Command: report_verification -hier -verbose
================================================================================
                            Verification Report
--------------------------------------------------------------------------------
Category                                                                  Count
--------------------------------------------------------------------------------
1. Non-standard modeling options used:                                      1
     Tri-stated output:                                        checked
     Revised X signals set to E:                               yes
     Floating signals tied to Z:                               no *
     Command "add clock" for clock-gating:                     not used
--------------------------------------------------------------------------------
2. Incomplete verification:                                                 0
     All primary outputs are mapped:                           yes
     Not-mapped DFF/DLAT is detected:                          no
     All mapped points are added as compare points:            yes
     All compared points are compared:                         yes
     User added black box:                                     no
     Black box mapped with different module name:              no
     Empty module is not black boxed:                          no
     Command "add ignore outputs" used:                        no
     Always false constraints detected:                        no
--------------------------------------------------------------------------------
3. User modification to design:                                             0
     Change gate type:                                         no
     Change wire:                                              no
     Primary input added by user:                              no
--------------------------------------------------------------------------------
4. Conformal Constraint Designer clock domain crossing checks recommended:  0
     Multiple clocks in the design:                            no
--------------------------------------------------------------------------------
5. Design ambiguity:                                                        0
     Duplicate module definition:                              no
     Black box due to undefined cells:                         no
     Golden design has abnormal ratio of unreachable gates:    no
     Ratio of golden unreachable gates:                        4%
     Revised design has abnormal ratio of unreachable gates:   no
     Ratio of revised unreachable gates:                       0%
     All primary input bus ordering is consistent:             yes
     All primary output bus ordering is consistent:            yes
     DFF/DLAT not compared due to disabled clock port(s):        0
     Always X compared point is detected:                      not checked
--------------------------------------------------------------------------------
6. Compare Results:                                                        PASS
     Number of EQ compare points:                              191
     Number of NON-EQ compare points:                          0
     Number of Aborted compare points:                         0
     Number of Uncompared compare points :                     0
================================================================================
pass
// Command: write_verification_information
// Verification information is written to rtl_fv_map_db.
0
// Command: report_verification_information
// Generating reports on verification information at /home/rohan/Documents/ASIC-Optimization-FFT-Hardware/rtl_fv_map_db...
LEC run scores:
================================================================================
Step                Score     Range          
--------------------------------------------------------------------------------
result_status       10        10             
runtime             10        10             
mapping             10        10             
sequential_constant 10        10             
sequential_merge    10        10             
sequential_phase    10        10             
datapath_analysis   10        10             
combinational_loop  5         10             
mismatch_detection  5         10             
overall             80        90             
================================================================================
LEC results versus attributes:
================================================================================
Attribute           Total     Inconsistency  Combined Table                
--------------------------------------------------------------------------------
sequential_constant 14        0              sequential_constant.json      
sequential_merge    2         0              sequential_merge.json         
sequential_phase    121       0              sequential_phase.json         
================================================================================
The tables can be viewed directly using web interface.
// Done with reporting verification information.
0
// Command: set lec_version_required "18.20330"
18.20330
// Command: if {$lec_version >= $lec_version_required} {
//              report_implementation_information
//          }
// Command: report_implementation_information
// Reporting implementation information...
// Information summary:
================================================================================
        Information Category     Total      Used    Unused  Rejected     Abort
--------------------------------------------------------------------------------
   Sequential instance phase       121       121         0         0         0
               Phase mapping         0         0         0         0         0
         Sequential constant        14        14         0         0         0
            Sequential merge         2         2         0         0         0
      Sequential unreachable        16        16         0         0         0
      Sequential duplication         0         0         0         0         0
       Boundary optimization         4         3         1         0         0
          Synthesis equation         1         1         0         0         0
  Combinational loop breaker         0         0         0         0         0
================================================================================
0
// Command: set_system_mode lec
0
// Command: puts "No of compare points = [get_compare_points -count]"
// Command: get_compare_points -count
No of compare points = 191
// Command: puts "No of diff points    = [get_compare_points -NONequivalent -count]"
// Command: get_compare_points -NONequivalent -count
No of diff points    = 0
// Command: puts "No of abort points   = [get_compare_points -abort -count]"
// Command: get_compare_points -abort -count
No of abort points   = 0
// Command: puts "No of unknown points = [get_compare_points -unknown -count]"
// Command: get_compare_points -unknown -count
No of unknown points = 0
// Command: if {[get_compare_points -count] == 0} {
//              puts "---------------------------------"
//              puts "ERROR: No compare points detected"
//              puts "---------------------------------"
//          }
// Command: get_compare_points -count
// Command: if {[get_compare_points -NONequivalent -count] > 0} {
//              puts "------------------------------------"
//              puts "ERROR: Different Key Points detected"
//              puts "------------------------------------"
//          }
// Command: get_compare_points -NONequivalent -count
// Command: if {[get_compare_points -abort -count] > 0} {
//              puts "-----------------------------"
//              puts "ERROR: Abort Points detected "
//              puts "-----------------------------"
//          }
// Command: get_compare_points -abort -count
// Command: if {[get_compare_points -unknown -count] > 0} {
//              puts "----------------------------------"
//              puts "ERROR: Unknown Key Points detected"
//              puts "----------------------------------"
//          }
// Command: get_compare_points -unknown -count
// Command: set lec_version_required "19.10100"
19.10100
// Command: if {$lec_version >= $lec_version_required} {
//          }
// Command: vpxmode
// Command: exit -f

--- LEC EXECUTION FAILED ---
Error details: child process exited abnormally
